# JRE version: OpenJDK Runtime Environment (8.0_242) (build 1.8.0_242-release-1644-b3-6915495)
# Java VM: OpenJDK 64-Bit Server VM (25.242-b3-6915495 mixed mode bsd-amd64 compressed oops)
Heap:
 PSYoungGen      total 335360K, used 27113K [0x0000000795580000, 0x00000007c0000000, 0x00000007c0000000)
  eden space 308224K, 0% used [0x0000000795580000,0x0000000795580000,0x00000007a8280000)
  from space 27136K, 99% used [0x00000007b2280000,0x00000007b3cfa510,0x00000007b3d00000)
  to   space 163840K, 0% used [0x00000007a8280000,0x00000007a8280000,0x00000007b2280000)
 ParOldGen       total 417280K, used 417053K [0x0000000740000000, 0x0000000759780000, 0x0000000795580000)
  object space 417280K, 99% used [0x0000000740000000,0x0000000759747448,0x0000000759780000)
 Metaspace       used 96787K, capacity 104174K, committed 104344K, reserved 1140736K
  class space    used 12671K, capacity 13899K, committed 14000K, reserved 1048576K
GC Heap History (10 events):
Event: 1134.612 GC heap after
Heap after GC invocations=20 (full 4):
 PSYoungGen      total 430592K, used 10688K [0x0000000795580000, 0x00000007b1880000, 0x00000007c0000000)
  eden space 403456K, 0% used [0x0000000795580000,0x0000000795580000,0x00000007adf80000)
  from space 27136K, 39% used [0x00000007afe00000,0x00000007b08701d0,0x00000007b1880000)
  to   space 29184K, 0% used [0x00000007adf80000,0x00000007adf80000,0x00000007afc00000)
 ParOldGen       total 145408K, used 58491K [0x0000000740000000, 0x0000000748e00000, 0x0000000795580000)
  object space 145408K, 40% used [0x0000000740000000,0x000000074391ef48,0x0000000748e00000)
 Metaspace       used 93905K, capacity 98788K, committed 99096K, reserved 1134592K
  class space    used 12295K, capacity 13210K, committed 13360K, reserved 1048576K
}
Event: 1676.444 GC heap before
{Heap before GC invocations=21 (full 4):
 PSYoungGen      total 430592K, used 414144K [0x0000000795580000, 0x00000007b1880000, 0x00000007c0000000)
  eden space 403456K, 100% used [0x0000000795580000,0x00000007adf80000,0x00000007adf80000)
  from space 27136K, 39% used [0x00000007afe00000,0x00000007b08701d0,0x00000007b1880000)
  to   space 29184K, 0% used [0x00000007adf80000,0x00000007adf80000,0x00000007afc00000)
 ParOldGen       total 145408K, used 58491K [0x0000000740000000, 0x0000000748e00000, 0x0000000795580000)
  object space 145408K, 40% used [0x0000000740000000,0x000000074391ef48,0x0000000748e00000)
 Metaspace       used 94832K, capacity 100632K, committed 100760K, reserved 1136640K
  class space    used 12414K, capacity 13430K, committed 13488K, reserved 1048576K
Event: 1676.621 GC heap after
Heap after GC invocations=21 (full 4):
 PSYoungGen      total 432640K, used 14192K [0x0000000795580000, 0x00000007b3200000, 0x00000007c0000000)
  eden space 403456K, 0% used [0x0000000795580000,0x0000000795580000,0x00000007adf80000)
  from space 29184K, 48% used [0x00000007adf80000,0x00000007aed5c110,0x00000007afc00000)
  to   space 28160K, 0% used [0x00000007b1680000,0x00000007b1680000,0x00000007b3200000)
 ParOldGen       total 145408K, used 58499K [0x0000000740000000, 0x0000000748e00000, 0x0000000795580000)
  object space 145408K, 40% used [0x0000000740000000,0x0000000743920f48,0x0000000748e00000)
 Metaspace       used 94832K, capacity 100632K, committed 100760K, reserved 1136640K
  class space    used 12414K, capacity 13430K, committed 13488K, reserved 1048576K
}
Event: 1991.222 GC heap before
{Heap before GC invocations=22 (full 4):
 PSYoungGen      total 432640K, used 417648K [0x0000000795580000, 0x00000007b3200000, 0x00000007c0000000)
  eden space 403456K, 100% used [0x0000000795580000,0x00000007adf80000,0x00000007adf80000)
  from space 29184K, 48% used [0x00000007adf80000,0x00000007aed5c110,0x00000007afc00000)
  to   space 28160K, 0% used [0x00000007b1680000,0x00000007b1680000,0x00000007b3200000)
 ParOldGen       total 145408K, used 58499K [0x0000000740000000, 0x0000000748e00000, 0x0000000795580000)
  object space 145408K, 40% used [0x0000000740000000,0x0000000743920f48,0x0000000748e00000)
 Metaspace       used 95219K, capacity 101114K, committed 101272K, reserved 1136640K
  class space    used 12436K, capacity 13467K, committed 13488K, reserved 1048576K
Event: 1991.322 GC heap after
Heap after GC invocations=22 (full 4):
 PSYoungGen      total 446464K, used 9472K [0x0000000795580000, 0x00000007b2a80000, 0x00000007c0000000)
  eden space 425984K, 0% used [0x0000000795580000,0x0000000795580000,0x00000007af580000)
  from space 20480K, 46% used [0x00000007b1680000,0x00000007b1fc0040,0x00000007b2a80000)
  to   space 27136K, 0% used [0x00000007af580000,0x00000007af580000,0x00000007b1000000)
 ParOldGen       total 145408K, used 58507K [0x0000000740000000, 0x0000000748e00000, 0x0000000795580000)
  object space 145408K, 40% used [0x0000000740000000,0x0000000743922f48,0x0000000748e00000)
 Metaspace       used 95219K, capacity 101114K, committed 101272K, reserved 1136640K
  class space    used 12436K, capacity 13467K, committed 13488K, reserved 1048576K
}
Event: 2605.149 GC heap before
{Heap before GC invocations=23 (full 4):
 PSYoungGen      total 446464K, used 435456K [0x0000000795580000, 0x00000007b2a80000, 0x00000007c0000000)
  eden space 425984K, 100% used [0x0000000795580000,0x00000007af580000,0x00000007af580000)
  from space 20480K, 46% used [0x00000007b1680000,0x00000007b1fc0040,0x00000007b2a80000)
  to   space 27136K, 0% used [0x00000007af580000,0x00000007af580000,0x00000007b1000000)
 ParOldGen       total 145408K, used 58507K [0x0000000740000000, 0x0000000748e00000, 0x0000000795580000)
  object space 145408K, 40% used [0x0000000740000000,0x0000000743922f48,0x0000000748e00000)
 Metaspace       used 96144K, capacity 102980K, committed 103064K, reserved 1138688K
  class space    used 12563K, capacity 13700K, committed 13744K, reserved 1048576K
Event: 2605.437 GC heap after
Heap after GC invocations=23 (full 4):
 PSYoungGen      total 453120K, used 4560K [0x0000000795580000, 0x00000007b3d00000, 0x00000007c0000000)
  eden space 425984K, 0% used [0x0000000795580000,0x0000000795580000,0x00000007af580000)
  from space 27136K, 16% used [0x00000007af580000,0x00000007af9f4030,0x00000007b1000000)
  to   space 27136K, 0% used [0x00000007b2280000,0x00000007b2280000,0x00000007b3d00000)
 ParOldGen       total 145408K, used 58515K [0x0000000740000000, 0x0000000748e00000, 0x0000000795580000)
  object space 145408K, 40% used [0x0000000740000000,0x0000000743924f48,0x0000000748e00000)
 Metaspace       used 96144K, capacity 102980K, committed 103064K, reserved 1138688K
  class space    used 12563K, capacity 13700K, committed 13744K, reserved 1048576K
}
Event: 2611.174 GC heap before
{Heap before GC invocations=24 (full 4):
 PSYoungGen      total 453120K, used 430435K [0x0000000795580000, 0x00000007b3d00000, 0x00000007c0000000)
  eden space 425984K, 99% used [0x0000000795580000,0x00000007af564d18,0x00000007af580000)
  from space 27136K, 16% used [0x00000007af580000,0x00000007af9f4030,0x00000007b1000000)
  to   space 27136K, 0% used [0x00000007b2280000,0x00000007b2280000,0x00000007b3d00000)
 ParOldGen       total 145408K, used 58515K [0x0000000740000000, 0x0000000748e00000, 0x0000000795580000)
  object space 145408K, 40% used [0x0000000740000000,0x0000000743924f48,0x0000000748e00000)
 Metaspace       used 96787K, capacity 104174K, committed 104344K, reserved 1140736K
  class space    used 12671K, capacity 13899K, committed 14000K, reserved 1048576K
Event: 2613.549 GC heap after
Heap after GC invocations=24 (full 4):
 PSYoungGen      total 335360K, used 27113K [0x0000000795580000, 0x00000007c0000000, 0x00000007c0000000)
  eden space 308224K, 0% used [0x0000000795580000,0x0000000795580000,0x00000007a8280000)
  from space 27136K, 99% used [0x00000007b2280000,0x00000007b3cfa510,0x00000007b3d00000)
  to   space 163840K, 0% used [0x00000007a8280000,0x00000007a8280000,0x00000007b2280000)
 ParOldGen       total 417280K, used 417053K [0x0000000740000000, 0x0000000759780000, 0x0000000795580000)
  object space 417280K, 99% used [0x0000000740000000,0x0000000759747448,0x0000000759780000)
 Metaspace       used 96787K, capacity 104174K, committed 104344K, reserved 1140736K
  class space    used 12671K, capacity 13899K, committed 14000K, reserved 1048576K
}
Event: 2613.551 GC heap before
{Heap before GC invocations=25 (full 5):
 PSYoungGen      total 335360K, used 27113K [0x0000000795580000, 0x00000007c0000000, 0x00000007c0000000)
  eden space 308224K, 0% used [0x0000000795580000,0x0000000795580000,0x00000007a8280000)
  from space 27136K, 99% used [0x00000007b2280000,0x00000007b3cfa510,0x00000007b3d00000)
  to   space 163840K, 0% used [0x00000007a8280000,0x00000007a8280000,0x00000007b2280000)
 ParOldGen       total 417280K, used 417053K [0x0000000740000000, 0x0000000759780000, 0x0000000795580000)
  object space 417280K, 99% used [0x0000000740000000,0x0000000759747448,0x0000000759780000)
 Metaspace       used 96787K, capacity 104174K, committed 104344K, reserved 1140736K
  class space    used 12671K, capacity 13899K, committed 14000K, reserved 1048576K

