# JRE version: OpenJDK Runtime Environment (8.0_242) (build 1.8.0_242-release-1644-b3-6915495)
# Java VM: OpenJDK 64-Bit Server VM (25.242-b3-6915495 mixed mode bsd-amd64 compressed oops)
Heap:
 PSYoungGen      total 465920K, used 440145K [0x0000000795580000, 0x00000007c0000000, 0x00000007c0000000)
  eden space 232960K, 100% used [0x0000000795580000,0x00000007a3900000,0x00000007a3900000)
  from space 232960K, 88% used [0x00000007a3900000,0x00000007b03546e0,0x00000007b1c80000)
  to   space 232960K, 0% used [0x00000007b1c80000,0x00000007b1c80000,0x00000007c0000000)
 ParOldGen       total 1398272K, used 1184732K [0x0000000740000000, 0x0000000795580000, 0x0000000795580000)
  object space 1398272K, 84% used [0x0000000740000000,0x00000007884f71a8,0x0000000795580000)
 Metaspace       used 105283K, capacity 110454K, committed 112216K, reserved 1146880K
  class space    used 13824K, capacity 14824K, committed 15232K, reserved 1048576K
GC Heap History (10 events):
Event: 6023.125 GC heap after
Heap after GC invocations=25 (full 6):
 PSYoungGen      total 465920K, used 232955K [0x0000000795580000, 0x00000007c0000000, 0x00000007c0000000)
  eden space 232960K, 0% used [0x0000000795580000,0x0000000795580000,0x00000007a3900000)
  from space 232960K, 99% used [0x00000007a3900000,0x00000007b1c7ee00,0x00000007b1c80000)
  to   space 232960K, 0% used [0x00000007b1c80000,0x00000007b1c80000,0x00000007c0000000)
 ParOldGen       total 856064K, used 697833K [0x0000000740000000, 0x0000000774400000, 0x0000000795580000)
  object space 856064K, 81% used [0x0000000740000000,0x000000076a97a508,0x0000000774400000)
 Metaspace       used 105216K, capacity 110394K, committed 112216K, reserved 1146880K
  class space    used 13810K, capacity 14810K, committed 15232K, reserved 1048576K
}
Event: 6023.125 GC heap before
{Heap before GC invocations=26 (full 7):
 PSYoungGen      total 465920K, used 232955K [0x0000000795580000, 0x00000007c0000000, 0x00000007c0000000)
  eden space 232960K, 0% used [0x0000000795580000,0x0000000795580000,0x00000007a3900000)
  from space 232960K, 99% used [0x00000007a3900000,0x00000007b1c7ee00,0x00000007b1c80000)
  to   space 232960K, 0% used [0x00000007b1c80000,0x00000007b1c80000,0x00000007c0000000)
 ParOldGen       total 856064K, used 697833K [0x0000000740000000, 0x0000000774400000, 0x0000000795580000)
  object space 856064K, 81% used [0x0000000740000000,0x000000076a97a508,0x0000000774400000)
 Metaspace       used 105216K, capacity 110394K, committed 112216K, reserved 1146880K
  class space    used 13810K, capacity 14810K, committed 15232K, reserved 1048576K
Event: 6027.380 GC heap after
Heap after GC invocations=26 (full 7):
 PSYoungGen      total 465920K, used 74743K [0x0000000795580000, 0x00000007c0000000, 0x00000007c0000000)
  eden space 232960K, 0% used [0x0000000795580000,0x0000000795580000,0x00000007a3900000)
  from space 232960K, 32% used [0x00000007a3900000,0x00000007a81fde18,0x00000007b1c80000)
  to   space 232960K, 0% used [0x00000007b1c80000,0x00000007b1c80000,0x00000007c0000000)
 ParOldGen       total 1184768K, used 856015K [0x0000000740000000, 0x0000000788500000, 0x0000000795580000)
  object space 1184768K, 72% used [0x0000000740000000,0x00000007743f3e98,0x0000000788500000)
 Metaspace       used 105216K, capacity 110394K, committed 112216K, reserved 1146880K
  class space    used 13810K, capacity 14810K, committed 15232K, reserved 1048576K
}
Event: 6029.019 GC heap before
{Heap before GC invocations=27 (full 7):
 PSYoungGen      total 465920K, used 307703K [0x0000000795580000, 0x00000007c0000000, 0x00000007c0000000)
  eden space 232960K, 100% used [0x0000000795580000,0x00000007a3900000,0x00000007a3900000)
  from space 232960K, 32% used [0x00000007a3900000,0x00000007a81fde18,0x00000007b1c80000)
  to   space 232960K, 0% used [0x00000007b1c80000,0x00000007b1c80000,0x00000007c0000000)
 ParOldGen       total 1184768K, used 856015K [0x0000000740000000, 0x0000000788500000, 0x0000000795580000)
  object space 1184768K, 72% used [0x0000000740000000,0x00000007743f3e98,0x0000000788500000)
 Metaspace       used 105216K, capacity 110394K, committed 112216K, reserved 1146880K
  class space    used 13810K, capacity 14810K, committed 15232K, reserved 1048576K
Event: 6032.122 GC heap after
Heap after GC invocations=27 (full 7):
 PSYoungGen      total 465920K, used 232942K [0x0000000795580000, 0x00000007c0000000, 0x00000007c0000000)
  eden space 232960K, 0% used [0x0000000795580000,0x0000000795580000,0x00000007a3900000)
  from space 232960K, 99% used [0x00000007b1c80000,0x00000007bfffba28,0x00000007c0000000)
  to   space 232960K, 0% used [0x00000007a3900000,0x00000007a3900000,0x00000007b1c80000)
 ParOldGen       total 1184768K, used 928495K [0x0000000740000000, 0x0000000788500000, 0x0000000795580000)
  object space 1184768K, 78% used [0x0000000740000000,0x0000000778abbe78,0x0000000788500000)
 Metaspace       used 105216K, capacity 110394K, committed 112216K, reserved 1146880K
  class space    used 13810K, capacity 14810K, committed 15232K, reserved 1048576K
}
Event: 6033.471 GC heap before
{Heap before GC invocations=28 (full 7):
 PSYoungGen      total 465920K, used 465902K [0x0000000795580000, 0x00000007c0000000, 0x00000007c0000000)
  eden space 232960K, 100% used [0x0000000795580000,0x00000007a3900000,0x00000007a3900000)
  from space 232960K, 99% used [0x00000007b1c80000,0x00000007bfffba28,0x00000007c0000000)
  to   space 232960K, 0% used [0x00000007a3900000,0x00000007a3900000,0x00000007b1c80000)
 ParOldGen       total 1184768K, used 928495K [0x0000000740000000, 0x0000000788500000, 0x0000000795580000)
  object space 1184768K, 78% used [0x0000000740000000,0x0000000778abbe78,0x0000000788500000)
 Metaspace       used 105216K, capacity 110394K, committed 112216K, reserved 1146880K
  class space    used 13810K, capacity 14810K, committed 15232K, reserved 1048576K
Event: 6036.551 GC heap after
Heap after GC invocations=28 (full 7):
 PSYoungGen      total 465920K, used 232958K [0x0000000795580000, 0x00000007c0000000, 0x00000007c0000000)
  eden space 232960K, 0% used [0x0000000795580000,0x0000000795580000,0x00000007a3900000)
  from space 232960K, 99% used [0x00000007a3900000,0x00000007b1c7f948,0x00000007b1c80000)
  to   space 232960K, 0% used [0x00000007b1c80000,0x00000007b1c80000,0x00000007c0000000)
 ParOldGen       total 1184768K, used 1159016K [0x0000000740000000, 0x0000000788500000, 0x0000000795580000)
  object space 1184768K, 97% used [0x0000000740000000,0x0000000786bda238,0x0000000788500000)
 Metaspace       used 105216K, capacity 110394K, committed 112216K, reserved 1146880K
  class space    used 13810K, capacity 14810K, committed 15232K, reserved 1048576K
}
Event: 6036.551 GC heap before
{Heap before GC invocations=29 (full 8):
 PSYoungGen      total 465920K, used 232958K [0x0000000795580000, 0x00000007c0000000, 0x00000007c0000000)
  eden space 232960K, 0% used [0x0000000795580000,0x0000000795580000,0x00000007a3900000)
  from space 232960K, 99% used [0x00000007a3900000,0x00000007b1c7f948,0x00000007b1c80000)
  to   space 232960K, 0% used [0x00000007b1c80000,0x00000007b1c80000,0x00000007c0000000)
 ParOldGen       total 1184768K, used 1159016K [0x0000000740000000, 0x0000000788500000, 0x0000000795580000)
  object space 1184768K, 97% used [0x0000000740000000,0x0000000786bda238,0x0000000788500000)
 Metaspace       used 105216K, capacity 110394K, committed 112216K, reserved 1146880K
  class space    used 13810K, capacity 14810K, committed 15232K, reserved 1048576K
Event: 6044.331 GC heap after
Heap after GC invocations=29 (full 8):
 PSYoungGen      total 465920K, used 207185K [0x0000000795580000, 0x00000007c0000000, 0x00000007c0000000)
  eden space 232960K, 0% used [0x0000000795580000,0x0000000795580000,0x00000007a3900000)
  from space 232960K, 88% used [0x00000007a3900000,0x00000007b03546e0,0x00000007b1c80000)
  to   space 232960K, 0% used [0x00000007b1c80000,0x00000007b1c80000,0x00000007c0000000)
 ParOldGen       total 1398272K, used 1184732K [0x0000000740000000, 0x0000000795580000, 0x0000000795580000)
  object space 1398272K, 84% used [0x0000000740000000,0x00000007884f71a8,0x0000000795580000)
 Metaspace       used 105216K, capacity 110394K, committed 112216K, reserved 1146880K
  class space    used 13810K, capacity 14810K, committed 15232K, reserved 1048576K
}
Event: 6049.504 GC heap before
{Heap before GC invocations=30 (full 9):
 PSYoungGen      total 465920K, used 440145K [0x0000000795580000, 0x00000007c0000000, 0x00000007c0000000)
  eden space 232960K, 100% used [0x0000000795580000,0x00000007a3900000,0x00000007a3900000)
  from space 232960K, 88% used [0x00000007a3900000,0x00000007b03546e0,0x00000007b1c80000)
  to   space 232960K, 0% used [0x00000007b1c80000,0x00000007b1c80000,0x00000007c0000000)
 ParOldGen       total 1398272K, used 1184732K [0x0000000740000000, 0x0000000795580000, 0x0000000795580000)
  object space 1398272K, 84% used [0x0000000740000000,0x00000007884f71a8,0x0000000795580000)
 Metaspace       used 105283K, capacity 110454K, committed 112216K, reserved 1146880K
  class space    used 13824K, capacity 14824K, committed 15232K, reserved 1048576K

